<?xml version='1.0' encoding='utf-8'?>
<testsuite name="iccanalyzer-lite" tests="77" failures="0" time="2.735">
  <testcase name="exit_code.version_flag" time="0.030" />
  <testcase name="exit_code.no_args" time="0.023" />
  <testcase name="exit_code.unknown_flag" time="0.026" />
  <testcase name="exit_code.nonexistent_file" time="0.024" />
  <testcase name="exit_code.empty_file" time="0.027" />
  <testcase name="exit_code.truncated_file" time="0.000" />
  <testcase name="exit_code.bad_magic" time="0.030" />
  <testcase name="mode.a_no_crash" time="0.039" />
  <testcase name="mode.h_no_crash" time="0.039" />
  <testcase name="mode.r_no_crash" time="0.029" />
  <testcase name="mode.nf_no_crash" time="0.032" />
  <testcase name="mode.n_no_crash" time="0.027" />
  <testcase name="mode.version_output" time="0.028" />
  <testcase name="mode.help_output" time="0.027" />
  <testcase name="heuristic.bad_magic_detected" time="0.028" />
  <testcase name="heuristic.private_tags_detected" time="0.032" />
  <testcase name="heuristic.bad_wtpt_detected" time="0.028" />
  <testcase name="heuristic.wrong_version_encoding" time="0.034" />
  <testcase name="heuristic.wrong_tag_type" time="0.026" />
  <testcase name="heuristic.malware_signature" time="0.036" />
  <testcase name="heuristic.xyz_out_of_range" time="0.032" />
  <testcase name="heuristic.reserved_bytes" time="0.033" />
  <testcase name="heuristic.huge_tag_count" time="0.029" />
  <testcase name="heuristic.v5_tags_on_v4" time="0.035" />
  <testcase name="heuristic.non_monotonic_trc" time="0.036" />
  <testcase name="summary.127_heuristics" time="0.034" />
  <testcase name="summary.heuristic_summary_header" time="0.027" />
  <testcase name="asan.corpus.bad_magic" time="0.029" />
  <testcase name="asan.corpus.bad_wtpt" time="0.032" />
  <testcase name="asan.corpus.huge_tag_count" time="0.028" />
  <testcase name="asan.corpus.just_header" time="0.029" />
  <testcase name="asan.corpus.malware_private_tag" time="0.029" />
  <testcase name="asan.corpus.non_monotonic_curve" time="0.034" />
  <testcase name="asan.corpus.oversized_tag" time="0.032" />
  <testcase name="asan.corpus.private_tags" time="0.040" />
  <testcase name="asan.corpus.reserved_bytes_nonzero" time="0.032" />
  <testcase name="asan.corpus.truncated" time="0.028" />
  <testcase name="asan.corpus.v5_tags_on_v4" time="0.032" />
  <testcase name="asan.corpus.valid_srgb" time="0.032" />
  <testcase name="asan.corpus.wrong_tag_type" time="0.033" />
  <testcase name="asan.corpus.wrong_version_encoding" time="0.030" />
  <testcase name="asan.corpus.xyz_out_of_range" time="0.032" />
  <testcase name="asan.corpus.zero_tags" time="0.029" />
  <testcase name="asan.repo.17ChanPart1" time="0.141" />
  <testcase name="asan.repo.CIccMpeCalculatorSetElem_StackOverflow_I" time="0.032" />
  <testcase name="asan.repo.Crash-CoreFoundation-CFDataGetLength" time="0.035" />
  <testcase name="asan.repo.Lab_float-D50_2deg" time="0.034" />
  <testcase name="asan.repo.OMYK-SelectMID" time="0.035" />
  <testcase name="asan.repo.RefDecC" time="0.137" />
  <testcase name="asan.repo.Spec380_10_730-D50_2deg" time="0.033" />
  <testcase name="asan.repo.Spec400_10_700-D50_20yo2deg-MAT" time="0.036" />
  <testcase name="asan.repo.Spec400_10_700-D65_2deg-Abs" time="0.035" />
  <testcase name="asan.repo.Spec400_10_700-DB_2deg-Abs" time="0.034" />
  <testcase name="asan.repo.Spec400_10_700-F11_2deg-MAT" time="0.035" />
  <testcase name="asan.repo.Spec400_10_700-N_2deg-CAT02" time="0.034" />
  <testcase name="asan.repo.Spec400_10_700-Y_2deg-MAT" time="0.035" />
  <testcase name="asan.repo.XYZ_int-IllumA_2deg-Part2" time="0.088" />
  <testcase name="asan.repo.calcUnderStack_abs" time="0.032" />
  <testcase name="asan.repo.calcUnderStack_ceil" time="0.037" />
  <testcase name="asan.repo.calcUnderStack_fJab" time="0.035" />
  <testcase name="asan.repo.calcUnderStack_log" time="0.037" />
  <testcase name="asan.repo.calcUnderStack_or" time="0.037" />
  <testcase name="asan.repo.calcUnderStack_rotr" time="0.037" />
  <testcase name="asan.repo.calcUnderStack_ssub" time="0.038" />
  <testcase name="asan.repo.calcUnderStack_vand" time="0.034" />
  <testcase name="asan.repo.crash-pushXYZConvert-heap-oob-profile1" time="0.029" />
  <testcase name="asan.repo.cve-2023-32443-variant-020" time="0.036" />
  <testcase name="asan.repo.heap-buffer-overflow-CIccMpeSpectralMatr" time="0.037" />
  <testcase name="asan.repo.id-----7,time-,execs-,origerror_2-2-" time="0.074" />
  <testcase name="asan.repo.id---4--,time-,execs-,origid&amp;#x--;--" time="0.036" />
  <testcase name="asan.repo.id---976,time-,execs-,origc-lc-nderS" time="0.037" />
  <testcase name="asan.repo.oom-CIccTagGamutBoundaryDesc-Read-1024G-" time="0.028" />
  <testcase name="asan.repo.sRGB_D65_colorimetric" time="0.043" />
  <testcase name="xml_export.creates_file" time="0.000" />
  <testcase name="consistency.a_valid" time="0.033" />
  <testcase name="consistency.h_valid" time="0.032" />
  <testcase name="consistency.r_valid" time="0.027" />
</testsuite>